{"C:\\Users\\paula\\lee\\Cloud_A3\\api\\src\\index.ts": {"path":"C:\\Users\\paula\\lee\\Cloud_A3\\api\\src\\index.ts","statementMap":{"0":{"start":{"line":1,"column":0},"end":{"line":1,"column":27}},"1":{"start":{"line":2,"column":0},"end":{"line":2,"column":27}},"2":{"start":{"line":4,"column":13},"end":{"line":4,"column":37}},"3":{"start":{"line":6,"column":0},"end":{"line":8,"column":3}},"4":{"start":{"line":7,"column":2},"end":{"line":7,"column":50}}},"fnMap":{"0":{"name":"(anonymous_1)","decl":{"start":{"line":6,"column":17},"end":{"line":6,"column":20}},"loc":{"start":{"line":6,"column":22},"end":{"line":8,"column":1}}}},"branchMap":{"0":{"loc":{"start":{"line":4,"column":13},"end":{"line":4,"column":37}},"type":"binary-expr","locations":[{"start":{"line":4,"column":13},"end":{"line":4,"column":29}},{"start":{"line":4,"column":33},"end":{"line":4,"column":37}}]}},"s":{"0":0,"1":0,"2":0,"3":0,"4":0},"f":{"0":0},"b":{"0":[0,0]}}
,"C:\\Users\\paula\\lee\\Cloud_A3\\api\\src\\server.ts": {"path":"C:\\Users\\paula\\lee\\Cloud_A3\\api\\src\\server.ts","statementMap":{"0":{"start":{"line":1,"column":0},"end":{"line":1,"column":53}},"1":{"start":{"line":2,"column":0},"end":{"line":2,"column":76}},"2":{"start":{"line":3,"column":0},"end":{"line":3,"column":51}},"3":{"start":{"line":4,"column":0},"end":{"line":4,"column":51}},"4":{"start":{"line":5,"column":0},"end":{"line":5,"column":51}},"5":{"start":{"line":6,"column":0},"end":{"line":6,"column":53}},"6":{"start":{"line":8,"column":0},"end":{"line":8,"column":27}},"7":{"start":{"line":10,"column":11},"end":{"line":10,"column":26}},"8":{"start":{"line":13,"column":12},"end":{"line":13,"column":21}},"9":{"start":{"line":14,"column":0},"end":{"line":14,"column":16}},"10":{"start":{"line":17,"column":0},"end":{"line":23,"column":3}},"11":{"start":{"line":17,"column":51},"end":{"line":23,"column":2}},"12":{"start":{"line":18,"column":2},"end":{"line":22,"column":4}},"13":{"start":{"line":26,"column":0},"end":{"line":26,"column":24}},"14":{"start":{"line":29,"column":0},"end":{"line":29,"column":48}},"15":{"start":{"line":32,"column":0},"end":{"line":32,"column":28}},"16":{"start":{"line":35,"column":0},"end":{"line":49,"column":3}},"17":{"start":{"line":37,"column":33},"end":{"line":37,"column":41}},"18":{"start":{"line":38,"column":2},"end":{"line":48,"column":null}},"19":{"start":{"line":40,"column":4},"end":{"line":42,"column":7}},"20":{"start":{"line":45,"column":4},"end":{"line":47,"column":7}},"21":{"start":{"line":52,"column":0},"end":{"line":52,"column":25}},"22":{"start":{"line":53,"column":0},"end":{"line":53,"column":25}},"23":{"start":{"line":54,"column":0},"end":{"line":54,"column":25}},"24":{"start":{"line":55,"column":0},"end":{"line":55,"column":26}},"25":{"start":{"line":59,"column":0},"end":{"line":59,"column":30}},"26":{"start":{"line":62,"column":0},"end":{"line":62,"column":19}}},"fnMap":{"0":{"name":"(anonymous_8)","decl":{"start":{"line":17,"column":13},"end":{"line":17,"column":20}},"loc":{"start":{"line":17,"column":51},"end":{"line":23,"column":2}}},"1":{"name":"(anonymous_9)","decl":{"start":{"line":17,"column":51},"end":{"line":17,"column":null}},"loc":{"start":{"line":17,"column":51},"end":{"line":23,"column":1}}},"2":{"name":"(anonymous_10)","decl":{"start":{"line":35,"column":19},"end":{"line":35,"column":20}},"loc":{"start":{"line":35,"column":51},"end":{"line":49,"column":1}}}},"branchMap":{"0":{"loc":{"start":{"line":20,"column":6},"end":{"line":20,"column":null}},"type":"binary-expr","locations":[{"start":{"line":20,"column":6},"end":{"line":20,"column":22}},{"start":{"line":20,"column":26},"end":{"line":20,"column":null}}]},"1":{"loc":{"start":{"line":38,"column":2},"end":{"line":48,"column":null}},"type":"if","locations":[{"start":{"line":38,"column":2},"end":{"line":48,"column":null}},{"start":{"line":43,"column":9},"end":{"line":48,"column":null}}]},"2":{"loc":{"start":{"line":38,"column":6},"end":{"line":38,"column":50}},"type":"binary-expr","locations":[{"start":{"line":38,"column":6},"end":{"line":38,"column":26}},{"start":{"line":38,"column":30},"end":{"line":38,"column":50}}]}},"s":{"0":1,"1":1,"2":1,"3":1,"4":1,"5":1,"6":1,"7":1,"8":1,"9":1,"10":1,"11":0,"12":0,"13":1,"14":1,"15":1,"16":1,"17":0,"18":0,"19":0,"20":0,"21":1,"22":1,"23":1,"24":1,"25":1,"26":1},"f":{"0":0,"1":0,"2":0},"b":{"0":[0,0],"1":[0,0],"2":[0,0]}}
,"C:\\Users\\paula\\lee\\Cloud_A3\\api\\src\\helper\\dynamo.helper.ts": {"path":"C:\\Users\\paula\\lee\\Cloud_A3\\api\\src\\helper\\dynamo.helper.ts","statementMap":{"0":{"start":{"line":2,"column":0},"end":{"line":2,"column":31}},"1":{"start":{"line":6,"column":0},"end":{"line":6,"column":27}},"2":{"start":{"line":8,"column":44},"end":{"line":13,"column":2}},"3":{"start":{"line":15,"column":0},"end":{"line":15,"column":33}},"4":{"start":{"line":16,"column":18},"end":{"line":16,"column":51}},"5":{"start":{"line":17,"column":12},"end":{"line":17,"column":58}},"6":{"start":{"line":19,"column":23},"end":{"line":34,"column":2}},"7":{"start":{"line":19,"column":60},"end":{"line":34,"column":2}},"8":{"start":{"line":20,"column":46},"end":{"line":23,"column":4}},"9":{"start":{"line":25,"column":2},"end":{"line":33,"column":null}},"10":{"start":{"line":26,"column":19},"end":{"line":26,"column":56}},"11":{"start":{"line":28,"column":4},"end":{"line":30,"column":null}},"12":{"start":{"line":29,"column":6},"end":{"line":29,"column":25}},"13":{"start":{"line":32,"column":4},"end":{"line":32,"column":43}},"14":{"start":{"line":19,"column":13},"end":{"line":19,"column":23}},"15":{"start":{"line":37,"column":26},"end":{"line":49,"column":2}},"16":{"start":{"line":37,"column":54},"end":{"line":49,"column":2}},"17":{"start":{"line":38,"column":17},"end":{"line":40,"column":4}},"18":{"start":{"line":41,"column":2},"end":{"line":48,"column":null}},"19":{"start":{"line":42,"column":19},"end":{"line":42,"column":57}},"20":{"start":{"line":43,"column":4},"end":{"line":45,"column":null}},"21":{"start":{"line":44,"column":6},"end":{"line":44,"column":26}},"22":{"start":{"line":47,"column":4},"end":{"line":47,"column":46}},"23":{"start":{"line":37,"column":13},"end":{"line":37,"column":26}},"24":{"start":{"line":51,"column":23},"end":{"line":58,"column":2}},"25":{"start":{"line":51,"column":61},"end":{"line":58,"column":2}},"26":{"start":{"line":52,"column":17},"end":{"line":55,"column":4}},"27":{"start":{"line":56,"column":15},"end":{"line":56,"column":52}},"28":{"start":{"line":57,"column":2},"end":{"line":57,"column":14}},"29":{"start":{"line":51,"column":13},"end":{"line":51,"column":23}},"30":{"start":{"line":61,"column":26},"end":{"line":68,"column":2}},"31":{"start":{"line":61,"column":64},"end":{"line":68,"column":2}},"32":{"start":{"line":62,"column":17},"end":{"line":65,"column":4}},"33":{"start":{"line":66,"column":15},"end":{"line":66,"column":55}},"34":{"start":{"line":67,"column":2},"end":{"line":67,"column":14}},"35":{"start":{"line":61,"column":13},"end":{"line":61,"column":26}}},"fnMap":{"0":{"name":"(anonymous_13)","decl":{"start":{"line":19,"column":23},"end":{"line":19,"column":30}},"loc":{"start":{"line":19,"column":60},"end":{"line":34,"column":2}}},"1":{"name":"(anonymous_14)","decl":{"start":{"line":19,"column":60},"end":{"line":19,"column":null}},"loc":{"start":{"line":19,"column":60},"end":{"line":34,"column":1}}},"2":{"name":"(anonymous_15)","decl":{"start":{"line":37,"column":26},"end":{"line":37,"column":33}},"loc":{"start":{"line":37,"column":54},"end":{"line":49,"column":2}}},"3":{"name":"(anonymous_16)","decl":{"start":{"line":37,"column":54},"end":{"line":37,"column":null}},"loc":{"start":{"line":37,"column":54},"end":{"line":49,"column":1}}},"4":{"name":"(anonymous_17)","decl":{"start":{"line":51,"column":23},"end":{"line":51,"column":30}},"loc":{"start":{"line":51,"column":61},"end":{"line":58,"column":2}}},"5":{"name":"(anonymous_18)","decl":{"start":{"line":51,"column":61},"end":{"line":51,"column":null}},"loc":{"start":{"line":51,"column":61},"end":{"line":58,"column":1}}},"6":{"name":"(anonymous_19)","decl":{"start":{"line":61,"column":26},"end":{"line":61,"column":33}},"loc":{"start":{"line":61,"column":64},"end":{"line":68,"column":2}}},"7":{"name":"(anonymous_20)","decl":{"start":{"line":61,"column":64},"end":{"line":61,"column":null}},"loc":{"start":{"line":61,"column":64},"end":{"line":68,"column":1}}}},"branchMap":{"0":{"loc":{"start":{"line":28,"column":4},"end":{"line":30,"column":null}},"type":"if","locations":[{"start":{"line":28,"column":4},"end":{"line":30,"column":null}}]},"1":{"loc":{"start":{"line":43,"column":4},"end":{"line":45,"column":null}},"type":"if","locations":[{"start":{"line":43,"column":4},"end":{"line":45,"column":null}}]}},"s":{"0":1,"1":1,"2":1,"3":1,"4":1,"5":1,"6":1,"7":1,"8":1,"9":1,"10":1,"11":0,"12":0,"13":1,"14":1,"15":1,"16":0,"17":0,"18":0,"19":0,"20":0,"21":0,"22":0,"23":1,"24":1,"25":0,"26":0,"27":0,"28":0,"29":1,"30":1,"31":0,"32":0,"33":0,"34":0,"35":1},"f":{"0":1,"1":1,"2":0,"3":0,"4":0,"5":0,"6":0,"7":0},"b":{"0":[0],"1":[0]}}
,"C:\\Users\\paula\\lee\\Cloud_A3\\api\\src\\helper\\s3.helper.ts": {"path":"C:\\Users\\paula\\lee\\Cloud_A3\\api\\src\\helper\\s3.helper.ts","statementMap":{"0":{"start":{"line":1,"column":0},"end":{"line":1,"column":64}},"1":{"start":{"line":2,"column":0},"end":{"line":2,"column":61}},"2":{"start":{"line":3,"column":0},"end":{"line":3,"column":38}},"3":{"start":{"line":4,"column":22},"end":{"line":6,"column":null}},"4":{"start":{"line":9,"column":17},"end":{"line":13,"column":2}},"5":{"start":{"line":15,"column":22},"end":{"line":37,"column":2}},"6":{"start":{"line":15,"column":60},"end":{"line":37,"column":2}},"7":{"start":{"line":16,"column":18},"end":{"line":19,"column":4}},"8":{"start":{"line":21,"column":2},"end":{"line":36,"column":null}},"9":{"start":{"line":23,"column":19},"end":{"line":23,"column":47}},"10":{"start":{"line":25,"column":4},"end":{"line":32,"column":null}},"11":{"start":{"line":27,"column":18},"end":{"line":27,"column":55}},"12":{"start":{"line":28,"column":6},"end":{"line":28,"column":17}},"13":{"start":{"line":31,"column":6},"end":{"line":31,"column":18}},"14":{"start":{"line":34,"column":4},"end":{"line":34,"column":42}},"15":{"start":{"line":35,"column":4},"end":{"line":35,"column":16}},"16":{"start":{"line":15,"column":13},"end":{"line":15,"column":22}}},"fnMap":{"0":{"name":"(anonymous_7)","decl":{"start":{"line":15,"column":22},"end":{"line":15,"column":29}},"loc":{"start":{"line":15,"column":60},"end":{"line":37,"column":2}}},"1":{"name":"(anonymous_8)","decl":{"start":{"line":15,"column":60},"end":{"line":15,"column":null}},"loc":{"start":{"line":15,"column":60},"end":{"line":37,"column":1}}}},"branchMap":{"0":{"loc":{"start":{"line":5,"column":2},"end":{"line":5,"column":33}},"type":"binary-expr","locations":[{"start":{"line":5,"column":2},"end":{"line":5,"column":27}},{"start":{"line":5,"column":31},"end":{"line":5,"column":33}}]},"1":{"loc":{"start":{"line":6,"column":2},"end":{"line":6,"column":37}},"type":"binary-expr","locations":[{"start":{"line":6,"column":2},"end":{"line":6,"column":31}},{"start":{"line":6,"column":35},"end":{"line":6,"column":37}}]},"2":{"loc":{"start":{"line":25,"column":4},"end":{"line":32,"column":null}},"type":"if","locations":[{"start":{"line":25,"column":4},"end":{"line":32,"column":null}},{"start":{"line":29,"column":11},"end":{"line":32,"column":null}}]}},"s":{"0":1,"1":1,"2":1,"3":1,"4":1,"5":1,"6":0,"7":0,"8":0,"9":0,"10":0,"11":0,"12":0,"13":0,"14":0,"15":0,"16":1},"f":{"0":0,"1":0},"b":{"0":[1,1],"1":[1,1],"2":[0,0]}}
,"C:\\Users\\paula\\lee\\Cloud_A3\\api\\src\\middleware\\errorHandler.middleware.ts": {"path":"C:\\Users\\paula\\lee\\Cloud_A3\\api\\src\\middleware\\errorHandler.middleware.ts","statementMap":{"0":{"start":{"line":4,"column":36},"end":{"line":27,"column":1}},"1":{"start":{"line":9,"column":23},"end":{"line":17,"column":4}},"2":{"start":{"line":18,"column":18},"end":{"line":18,"column":47}},"3":{"start":{"line":19,"column":2},"end":{"line":26,"column":null}},"4":{"start":{"line":20,"column":4},"end":{"line":23,"column":7}},"5":{"start":{"line":25,"column":4},"end":{"line":25,"column":11}},"6":{"start":{"line":4,"column":13},"end":{"line":4,"column":36}}},"fnMap":{"0":{"name":"(anonymous_0)","decl":{"start":{"line":4,"column":36},"end":{"line":4,"column":null}},"loc":{"start":{"line":8,"column":4},"end":{"line":27,"column":1}}}},"branchMap":{"0":{"loc":{"start":{"line":19,"column":2},"end":{"line":26,"column":null}},"type":"if","locations":[{"start":{"line":19,"column":2},"end":{"line":26,"column":null}},{"start":{"line":24,"column":9},"end":{"line":26,"column":null}}]}},"s":{"0":1,"1":0,"2":0,"3":0,"4":0,"5":0,"6":1},"f":{"0":0},"b":{"0":[0,0]}}
,"C:\\Users\\paula\\lee\\Cloud_A3\\api\\src\\routes\\buildRouter.route.ts": {"path":"C:\\Users\\paula\\lee\\Cloud_A3\\api\\src\\routes\\buildRouter.route.ts","statementMap":{"0":{"start":{"line":1,"column":0},"end":{"line":1,"column":52}},"1":{"start":{"line":3,"column":0},"end":{"line":3,"column":71}},"2":{"start":{"line":5,"column":20},"end":{"line":5,"column":28}},"3":{"start":{"line":9,"column":0},"end":{"line":22,"column":3}},"4":{"start":{"line":9,"column":64},"end":{"line":22,"column":2}},"5":{"start":{"line":11,"column":26},"end":{"line":11,"column":51}},"6":{"start":{"line":13,"column":2},"end":{"line":21,"column":null}},"7":{"start":{"line":14,"column":4},"end":{"line":14,"column":20}},"8":{"start":{"line":18,"column":4},"end":{"line":20,"column":7}},"9":{"start":{"line":25,"column":0},"end":{"line":37,"column":3}},"10":{"start":{"line":25,"column":50},"end":{"line":37,"column":2}},"11":{"start":{"line":26,"column":27},"end":{"line":26,"column":58}},"12":{"start":{"line":28,"column":2},"end":{"line":36,"column":null}},"13":{"start":{"line":29,"column":4},"end":{"line":31,"column":7}},"14":{"start":{"line":35,"column":4},"end":{"line":35,"column":21}},"15":{"start":{"line":40,"column":0},"end":{"line":69,"column":3}},"16":{"start":{"line":40,"column":46},"end":{"line":69,"column":2}},"17":{"start":{"line":41,"column":61},"end":{"line":41,"column":69}},"18":{"start":{"line":43,"column":2},"end":{"line":68,"column":null}},"19":{"start":{"line":44,"column":4},"end":{"line":46,"column":7}},"20":{"start":{"line":50,"column":25},"end":{"line":57,"column":6}},"21":{"start":{"line":58,"column":19},"end":{"line":58,"column":48}},"22":{"start":{"line":59,"column":4},"end":{"line":67,"column":null}},"23":{"start":{"line":60,"column":6},"end":{"line":60,"column":35}},"24":{"start":{"line":61,"column":6},"end":{"line":61,"column":22}},"25":{"start":{"line":63,"column":6},"end":{"line":63,"column":39}},"26":{"start":{"line":64,"column":6},"end":{"line":66,"column":9}},"27":{"start":{"line":71,"column":0},"end":{"line":71,"column":27}}},"fnMap":{"0":{"name":"(anonymous_7)","decl":{"start":{"line":9,"column":26},"end":{"line":9,"column":33}},"loc":{"start":{"line":9,"column":64},"end":{"line":22,"column":2}}},"1":{"name":"(anonymous_8)","decl":{"start":{"line":9,"column":64},"end":{"line":9,"column":null}},"loc":{"start":{"line":9,"column":64},"end":{"line":22,"column":1}}},"2":{"name":"(anonymous_9)","decl":{"start":{"line":25,"column":31},"end":{"line":25,"column":38}},"loc":{"start":{"line":25,"column":50},"end":{"line":37,"column":2}}},"3":{"name":"(anonymous_10)","decl":{"start":{"line":25,"column":50},"end":{"line":25,"column":null}},"loc":{"start":{"line":25,"column":50},"end":{"line":37,"column":1}}},"4":{"name":"(anonymous_11)","decl":{"start":{"line":40,"column":27},"end":{"line":40,"column":34}},"loc":{"start":{"line":40,"column":46},"end":{"line":69,"column":2}}},"5":{"name":"(anonymous_12)","decl":{"start":{"line":40,"column":46},"end":{"line":40,"column":null}},"loc":{"start":{"line":40,"column":46},"end":{"line":69,"column":1}}}},"branchMap":{"0":{"loc":{"start":{"line":13,"column":2},"end":{"line":21,"column":null}},"type":"if","locations":[{"start":{"line":13,"column":2},"end":{"line":21,"column":null}},{"start":{"line":17,"column":7},"end":{"line":21,"column":null}}]},"1":{"loc":{"start":{"line":28,"column":2},"end":{"line":36,"column":null}},"type":"if","locations":[{"start":{"line":28,"column":2},"end":{"line":36,"column":null}},{"start":{"line":34,"column":7},"end":{"line":36,"column":null}}]},"2":{"loc":{"start":{"line":43,"column":2},"end":{"line":68,"column":null}},"type":"if","locations":[{"start":{"line":43,"column":2},"end":{"line":68,"column":null}},{"start":{"line":49,"column":7},"end":{"line":68,"column":null}}]},"3":{"loc":{"start":{"line":43,"column":6},"end":{"line":43,"column":68}},"type":"binary-expr","locations":[{"start":{"line":43,"column":6},"end":{"line":43,"column":15}},{"start":{"line":43,"column":19},"end":{"line":43,"column":28}},{"start":{"line":43,"column":32},"end":{"line":43,"column":38}},{"start":{"line":43,"column":42},"end":{"line":43,"column":48}},{"start":{"line":43,"column":52},"end":{"line":43,"column":58}},{"start":{"line":43,"column":62},"end":{"line":43,"column":68}}]},"4":{"loc":{"start":{"line":59,"column":4},"end":{"line":67,"column":null}},"type":"if","locations":[{"start":{"line":59,"column":4},"end":{"line":67,"column":null}},{"start":{"line":62,"column":11},"end":{"line":67,"column":null}}]}},"s":{"0":1,"1":1,"2":1,"3":1,"4":0,"5":0,"6":0,"7":0,"8":0,"9":1,"10":0,"11":0,"12":0,"13":0,"14":0,"15":1,"16":0,"17":0,"18":0,"19":0,"20":0,"21":0,"22":0,"23":0,"24":0,"25":0,"26":0,"27":1},"f":{"0":0,"1":0,"2":0,"3":0,"4":0,"5":0},"b":{"0":[0,0],"1":[0,0],"2":[0,0],"3":[0,0,0,0,0,0],"4":[0,0]}}
,"C:\\Users\\paula\\lee\\Cloud_A3\\api\\src\\routes\\heroRouter.route.ts": {"path":"C:\\Users\\paula\\lee\\Cloud_A3\\api\\src\\routes\\heroRouter.route.ts","statementMap":{"0":{"start":{"line":1,"column":0},"end":{"line":1,"column":52}},"1":{"start":{"line":3,"column":0},"end":{"line":3,"column":71}},"2":{"start":{"line":5,"column":19},"end":{"line":5,"column":27}},"3":{"start":{"line":9,"column":0},"end":{"line":22,"column":3}},"4":{"start":{"line":9,"column":62},"end":{"line":22,"column":2}},"5":{"start":{"line":11,"column":33},"end":{"line":11,"column":61}},"6":{"start":{"line":13,"column":2},"end":{"line":21,"column":null}},"7":{"start":{"line":14,"column":4},"end":{"line":14,"column":24}},"8":{"start":{"line":18,"column":4},"end":{"line":20,"column":7}},"9":{"start":{"line":29,"column":0},"end":{"line":43,"column":3}},"10":{"start":{"line":29,"column":48},"end":{"line":43,"column":2}},"11":{"start":{"line":30,"column":30},"end":{"line":32,"column":4}},"12":{"start":{"line":34,"column":2},"end":{"line":42,"column":null}},"13":{"start":{"line":35,"column":4},"end":{"line":37,"column":7}},"14":{"start":{"line":41,"column":4},"end":{"line":41,"column":23}},"15":{"start":{"line":46,"column":0},"end":{"line":65,"column":3}},"16":{"start":{"line":46,"column":48},"end":{"line":65,"column":2}},"17":{"start":{"line":48,"column":19},"end":{"line":48,"column":28}},"18":{"start":{"line":51,"column":33},"end":{"line":53,"column":4}},"19":{"start":{"line":56,"column":2},"end":{"line":64,"column":null}},"20":{"start":{"line":57,"column":4},"end":{"line":57,"column":24}},"21":{"start":{"line":61,"column":4},"end":{"line":63,"column":7}},"22":{"start":{"line":68,"column":0},"end":{"line":103,"column":3}},"23":{"start":{"line":70,"column":19},"end":{"line":70,"column":36}},"24":{"start":{"line":72,"column":23},"end":{"line":72,"column":44}},"25":{"start":{"line":75,"column":2},"end":{"line":102,"column":null}},"26":{"start":{"line":76,"column":4},"end":{"line":78,"column":7}},"27":{"start":{"line":81,"column":7},"end":{"line":102,"column":null}},"28":{"start":{"line":82,"column":4},"end":{"line":84,"column":7}},"29":{"start":{"line":87,"column":7},"end":{"line":102,"column":null}},"30":{"start":{"line":88,"column":4},"end":{"line":90,"column":7}},"31":{"start":{"line":94,"column":39},"end":{"line":97,"column":6}},"32":{"start":{"line":98,"column":4},"end":{"line":98,"column":40}},"33":{"start":{"line":99,"column":4},"end":{"line":101,"column":7}},"34":{"start":{"line":105,"column":0},"end":{"line":105,"column":26}}},"fnMap":{"0":{"name":"(anonymous_7)","decl":{"start":{"line":9,"column":24},"end":{"line":9,"column":31}},"loc":{"start":{"line":9,"column":62},"end":{"line":22,"column":2}}},"1":{"name":"(anonymous_8)","decl":{"start":{"line":9,"column":62},"end":{"line":9,"column":null}},"loc":{"start":{"line":9,"column":62},"end":{"line":22,"column":1}}},"2":{"name":"(anonymous_9)","decl":{"start":{"line":29,"column":29},"end":{"line":29,"column":36}},"loc":{"start":{"line":29,"column":48},"end":{"line":43,"column":2}}},"3":{"name":"(anonymous_10)","decl":{"start":{"line":29,"column":48},"end":{"line":29,"column":null}},"loc":{"start":{"line":29,"column":48},"end":{"line":43,"column":1}}},"4":{"name":"(anonymous_11)","decl":{"start":{"line":46,"column":29},"end":{"line":46,"column":36}},"loc":{"start":{"line":46,"column":48},"end":{"line":65,"column":2}}},"5":{"name":"(anonymous_12)","decl":{"start":{"line":46,"column":48},"end":{"line":46,"column":null}},"loc":{"start":{"line":46,"column":48},"end":{"line":65,"column":1}}},"6":{"name":"(anonymous_13)","decl":{"start":{"line":68,"column":25},"end":{"line":68,"column":26}},"loc":{"start":{"line":68,"column":38},"end":{"line":103,"column":1}}}},"branchMap":{"0":{"loc":{"start":{"line":13,"column":2},"end":{"line":21,"column":null}},"type":"if","locations":[{"start":{"line":13,"column":2},"end":{"line":21,"column":null}},{"start":{"line":17,"column":7},"end":{"line":21,"column":null}}]},"1":{"loc":{"start":{"line":34,"column":2},"end":{"line":42,"column":null}},"type":"if","locations":[{"start":{"line":34,"column":2},"end":{"line":42,"column":null}},{"start":{"line":40,"column":7},"end":{"line":42,"column":null}}]},"2":{"loc":{"start":{"line":56,"column":2},"end":{"line":64,"column":null}},"type":"if","locations":[{"start":{"line":56,"column":2},"end":{"line":64,"column":null}},{"start":{"line":60,"column":7},"end":{"line":64,"column":null}}]},"3":{"loc":{"start":{"line":75,"column":2},"end":{"line":102,"column":null}},"type":"if","locations":[{"start":{"line":75,"column":2},"end":{"line":102,"column":null}},{"start":{"line":81,"column":7},"end":{"line":102,"column":null}}]},"4":{"loc":{"start":{"line":75,"column":6},"end":{"line":75,"column":44}},"type":"binary-expr","locations":[{"start":{"line":75,"column":6},"end":{"line":75,"column":21}},{"start":{"line":75,"column":25},"end":{"line":75,"column":44}}]},"5":{"loc":{"start":{"line":81,"column":7},"end":{"line":102,"column":null}},"type":"if","locations":[{"start":{"line":81,"column":7},"end":{"line":102,"column":null}},{"start":{"line":87,"column":7},"end":{"line":102,"column":null}}]},"6":{"loc":{"start":{"line":87,"column":7},"end":{"line":102,"column":null}},"type":"if","locations":[{"start":{"line":87,"column":7},"end":{"line":102,"column":null}},{"start":{"line":93,"column":7},"end":{"line":102,"column":null}}]}},"s":{"0":1,"1":1,"2":1,"3":1,"4":0,"5":0,"6":0,"7":0,"8":0,"9":1,"10":1,"11":1,"12":1,"13":1,"14":0,"15":1,"16":0,"17":0,"18":0,"19":0,"20":0,"21":0,"22":1,"23":0,"24":0,"25":0,"26":0,"27":0,"28":0,"29":0,"30":0,"31":0,"32":0,"33":0,"34":1},"f":{"0":0,"1":0,"2":1,"3":1,"4":0,"5":0,"6":0},"b":{"0":[0,0],"1":[1,0],"2":[0,0],"3":[0,0],"4":[0,0],"5":[0,0],"6":[0,0]}}
,"C:\\Users\\paula\\lee\\Cloud_A3\\api\\src\\routes\\itemRouter.route.ts": {"path":"C:\\Users\\paula\\lee\\Cloud_A3\\api\\src\\routes\\itemRouter.route.ts","statementMap":{"0":{"start":{"line":1,"column":0},"end":{"line":1,"column":52}},"1":{"start":{"line":3,"column":0},"end":{"line":3,"column":62}},"2":{"start":{"line":4,"column":0},"end":{"line":4,"column":45}},"3":{"start":{"line":6,"column":19},"end":{"line":6,"column":27}},"4":{"start":{"line":10,"column":0},"end":{"line":23,"column":3}},"5":{"start":{"line":10,"column":63},"end":{"line":23,"column":2}},"6":{"start":{"line":12,"column":25},"end":{"line":12,"column":49}},"7":{"start":{"line":14,"column":2},"end":{"line":22,"column":null}},"8":{"start":{"line":15,"column":4},"end":{"line":15,"column":20}},"9":{"start":{"line":19,"column":4},"end":{"line":21,"column":7}},"10":{"start":{"line":30,"column":0},"end":{"line":42,"column":3}},"11":{"start":{"line":30,"column":50},"end":{"line":42,"column":2}},"12":{"start":{"line":31,"column":22},"end":{"line":31,"column":70}},"13":{"start":{"line":33,"column":2},"end":{"line":41,"column":null}},"14":{"start":{"line":34,"column":4},"end":{"line":36,"column":7}},"15":{"start":{"line":40,"column":4},"end":{"line":40,"column":19}},"16":{"start":{"line":46,"column":0},"end":{"line":48,"column":3}},"17":{"start":{"line":47,"column":2},"end":{"line":47,"column":20}},"18":{"start":{"line":56,"column":0},"end":{"line":58,"column":3}},"19":{"start":{"line":57,"column":2},"end":{"line":57,"column":20}},"20":{"start":{"line":64,"column":0},"end":{"line":66,"column":3}},"21":{"start":{"line":65,"column":2},"end":{"line":65,"column":20}},"22":{"start":{"line":68,"column":0},"end":{"line":79,"column":3}},"23":{"start":{"line":68,"column":59},"end":{"line":79,"column":2}},"24":{"start":{"line":70,"column":18},"end":{"line":70,"column":72}},"25":{"start":{"line":72,"column":2},"end":{"line":78,"column":null}},"26":{"start":{"line":73,"column":4},"end":{"line":73,"column":22}},"27":{"start":{"line":75,"column":4},"end":{"line":77,"column":7}},"28":{"start":{"line":81,"column":0},"end":{"line":81,"column":26}}},"fnMap":{"0":{"name":"(anonymous_7)","decl":{"start":{"line":10,"column":25},"end":{"line":10,"column":32}},"loc":{"start":{"line":10,"column":63},"end":{"line":23,"column":2}}},"1":{"name":"(anonymous_8)","decl":{"start":{"line":10,"column":63},"end":{"line":10,"column":null}},"loc":{"start":{"line":10,"column":63},"end":{"line":23,"column":1}}},"2":{"name":"(anonymous_9)","decl":{"start":{"line":30,"column":31},"end":{"line":30,"column":38}},"loc":{"start":{"line":30,"column":50},"end":{"line":42,"column":2}}},"3":{"name":"(anonymous_10)","decl":{"start":{"line":30,"column":50},"end":{"line":30,"column":null}},"loc":{"start":{"line":30,"column":50},"end":{"line":42,"column":1}}},"4":{"name":"(anonymous_11)","decl":{"start":{"line":46,"column":26},"end":{"line":46,"column":27}},"loc":{"start":{"line":46,"column":39},"end":{"line":48,"column":1}}},"5":{"name":"(anonymous_12)","decl":{"start":{"line":56,"column":29},"end":{"line":56,"column":30}},"loc":{"start":{"line":56,"column":42},"end":{"line":58,"column":1}}},"6":{"name":"(anonymous_13)","decl":{"start":{"line":64,"column":32},"end":{"line":64,"column":33}},"loc":{"start":{"line":64,"column":45},"end":{"line":66,"column":1}}},"7":{"name":"(anonymous_14)","decl":{"start":{"line":68,"column":40},"end":{"line":68,"column":47}},"loc":{"start":{"line":68,"column":59},"end":{"line":79,"column":2}}},"8":{"name":"(anonymous_15)","decl":{"start":{"line":68,"column":59},"end":{"line":68,"column":null}},"loc":{"start":{"line":68,"column":59},"end":{"line":79,"column":1}}}},"branchMap":{"0":{"loc":{"start":{"line":14,"column":2},"end":{"line":22,"column":null}},"type":"if","locations":[{"start":{"line":14,"column":2},"end":{"line":22,"column":null}},{"start":{"line":18,"column":7},"end":{"line":22,"column":null}}]},"1":{"loc":{"start":{"line":33,"column":2},"end":{"line":41,"column":null}},"type":"if","locations":[{"start":{"line":33,"column":2},"end":{"line":41,"column":null}},{"start":{"line":39,"column":7},"end":{"line":41,"column":null}}]},"2":{"loc":{"start":{"line":72,"column":2},"end":{"line":78,"column":null}},"type":"if","locations":[{"start":{"line":72,"column":2},"end":{"line":78,"column":null}},{"start":{"line":74,"column":9},"end":{"line":78,"column":null}}]}},"s":{"0":1,"1":1,"2":1,"3":1,"4":1,"5":0,"6":0,"7":0,"8":0,"9":0,"10":1,"11":0,"12":0,"13":0,"14":0,"15":0,"16":1,"17":0,"18":1,"19":0,"20":1,"21":0,"22":1,"23":0,"24":0,"25":0,"26":0,"27":0,"28":1},"f":{"0":0,"1":0,"2":0,"3":0,"4":0,"5":0,"6":0,"7":0,"8":0},"b":{"0":[0,0],"1":[0,0],"2":[0,0]}}
,"C:\\Users\\paula\\lee\\Cloud_A3\\api\\src\\routes\\userRouter.route.ts": {"path":"C:\\Users\\paula\\lee\\Cloud_A3\\api\\src\\routes\\userRouter.route.ts","statementMap":{"0":{"start":{"line":1,"column":0},"end":{"line":1,"column":52}},"1":{"start":{"line":2,"column":0},"end":{"line":2,"column":59}},"2":{"start":{"line":4,"column":19},"end":{"line":4,"column":27}},"3":{"start":{"line":6,"column":0},"end":{"line":8,"column":3}},"4":{"start":{"line":7,"column":2},"end":{"line":7,"column":20}},"5":{"start":{"line":11,"column":0},"end":{"line":42,"column":3}},"6":{"start":{"line":11,"column":73},"end":{"line":42,"column":2}},"7":{"start":{"line":12,"column":30},"end":{"line":12,"column":42}},"8":{"start":{"line":14,"column":2},"end":{"line":19,"column":null}},"9":{"start":{"line":15,"column":4},"end":{"line":17,"column":7}},"10":{"start":{"line":18,"column":4},"end":{"line":18,"column":11}},"11":{"start":{"line":22,"column":15},"end":{"line":22,"column":48}},"12":{"start":{"line":25,"column":2},"end":{"line":41,"column":null}},"13":{"start":{"line":26,"column":4},"end":{"line":28,"column":7}},"14":{"start":{"line":29,"column":4},"end":{"line":29,"column":11}},"15":{"start":{"line":32,"column":4},"end":{"line":40,"column":null}},"16":{"start":{"line":33,"column":6},"end":{"line":33,"column":75}},"17":{"start":{"line":36,"column":6},"end":{"line":38,"column":9}},"18":{"start":{"line":39,"column":6},"end":{"line":39,"column":13}},"19":{"start":{"line":45,"column":0},"end":{"line":86,"column":3}},"20":{"start":{"line":45,"column":76},"end":{"line":86,"column":2}},"21":{"start":{"line":46,"column":36},"end":{"line":46,"column":48}},"22":{"start":{"line":48,"column":2},"end":{"line":53,"column":null}},"23":{"start":{"line":49,"column":4},"end":{"line":51,"column":7}},"24":{"start":{"line":52,"column":4},"end":{"line":52,"column":11}},"25":{"start":{"line":56,"column":15},"end":{"line":56,"column":48}},"26":{"start":{"line":59,"column":2},"end":{"line":85,"column":null}},"27":{"start":{"line":60,"column":4},"end":{"line":62,"column":7}},"28":{"start":{"line":63,"column":4},"end":{"line":63,"column":11}},"29":{"start":{"line":67,"column":20},"end":{"line":71,"column":6}},"30":{"start":{"line":73,"column":19},"end":{"line":73,"column":50}},"31":{"start":{"line":75,"column":4},"end":{"line":84,"column":null}},"32":{"start":{"line":76,"column":6},"end":{"line":76,"column":43}},"33":{"start":{"line":77,"column":6},"end":{"line":79,"column":9}},"34":{"start":{"line":81,"column":6},"end":{"line":83,"column":9}},"35":{"start":{"line":88,"column":0},"end":{"line":88,"column":26}}},"fnMap":{"0":{"name":"(anonymous_7)","decl":{"start":{"line":6,"column":24},"end":{"line":6,"column":25}},"loc":{"start":{"line":6,"column":56},"end":{"line":8,"column":1}}},"1":{"name":"(anonymous_8)","decl":{"start":{"line":11,"column":31},"end":{"line":11,"column":38}},"loc":{"start":{"line":11,"column":73},"end":{"line":42,"column":2}}},"2":{"name":"(anonymous_9)","decl":{"start":{"line":11,"column":73},"end":{"line":11,"column":null}},"loc":{"start":{"line":11,"column":73},"end":{"line":42,"column":1}}},"3":{"name":"(anonymous_10)","decl":{"start":{"line":45,"column":34},"end":{"line":45,"column":41}},"loc":{"start":{"line":45,"column":76},"end":{"line":86,"column":2}}},"4":{"name":"(anonymous_11)","decl":{"start":{"line":45,"column":76},"end":{"line":45,"column":null}},"loc":{"start":{"line":45,"column":76},"end":{"line":86,"column":1}}}},"branchMap":{"0":{"loc":{"start":{"line":14,"column":2},"end":{"line":19,"column":null}},"type":"if","locations":[{"start":{"line":14,"column":2},"end":{"line":19,"column":null}}]},"1":{"loc":{"start":{"line":14,"column":6},"end":{"line":14,"column":25}},"type":"binary-expr","locations":[{"start":{"line":14,"column":6},"end":{"line":14,"column":12}},{"start":{"line":14,"column":16},"end":{"line":14,"column":25}}]},"2":{"loc":{"start":{"line":25,"column":2},"end":{"line":41,"column":null}},"type":"if","locations":[{"start":{"line":25,"column":2},"end":{"line":41,"column":null}},{"start":{"line":30,"column":9},"end":{"line":41,"column":null}}]},"3":{"loc":{"start":{"line":32,"column":4},"end":{"line":40,"column":null}},"type":"if","locations":[{"start":{"line":32,"column":4},"end":{"line":40,"column":null}},{"start":{"line":34,"column":11},"end":{"line":40,"column":null}}]},"4":{"loc":{"start":{"line":48,"column":2},"end":{"line":53,"column":null}},"type":"if","locations":[{"start":{"line":48,"column":2},"end":{"line":53,"column":null}}]},"5":{"loc":{"start":{"line":48,"column":6},"end":{"line":48,"column":34}},"type":"binary-expr","locations":[{"start":{"line":48,"column":6},"end":{"line":48,"column":12}},{"start":{"line":48,"column":16},"end":{"line":48,"column":25}},{"start":{"line":48,"column":29},"end":{"line":48,"column":34}}]},"6":{"loc":{"start":{"line":59,"column":2},"end":{"line":85,"column":null}},"type":"if","locations":[{"start":{"line":59,"column":2},"end":{"line":85,"column":null}},{"start":{"line":64,"column":9},"end":{"line":85,"column":null}}]},"7":{"loc":{"start":{"line":75,"column":4},"end":{"line":84,"column":null}},"type":"if","locations":[{"start":{"line":75,"column":4},"end":{"line":84,"column":null}},{"start":{"line":80,"column":11},"end":{"line":84,"column":null}}]}},"s":{"0":1,"1":1,"2":1,"3":1,"4":0,"5":1,"6":0,"7":0,"8":0,"9":0,"10":0,"11":0,"12":0,"13":0,"14":0,"15":0,"16":0,"17":0,"18":0,"19":1,"20":0,"21":0,"22":0,"23":0,"24":0,"25":0,"26":0,"27":0,"28":0,"29":0,"30":0,"31":0,"32":0,"33":0,"34":0,"35":1},"f":{"0":0,"1":0,"2":0,"3":0,"4":0},"b":{"0":[0],"1":[0,0],"2":[0,0],"3":[0,0],"4":[0],"5":[0,0,0],"6":[0,0],"7":[0,0]}}
}
