TN:
SF:src\index.ts
FN:6,(anonymous_1)
FNF:1
FNH:0
FNDA:0,(anonymous_1)
DA:1,0
DA:2,0
DA:4,0
DA:6,0
DA:7,0
LF:5
LH:0
BRDA:4,0,0,0
BRDA:4,0,1,0
BRF:2
BRH:0
end_of_record
TN:
SF:src\server.ts
FN:17,(anonymous_8)
FN:17,(anonymous_9)
FN:35,(anonymous_10)
FNF:3
FNH:0
FNDA:0,(anonymous_8)
FNDA:0,(anonymous_9)
FNDA:0,(anonymous_10)
DA:1,1
DA:2,1
DA:3,1
DA:4,1
DA:5,1
DA:6,1
DA:8,1
DA:10,1
DA:13,1
DA:14,1
DA:17,1
DA:18,0
DA:26,1
DA:29,1
DA:32,1
DA:35,1
DA:37,0
DA:38,0
DA:40,0
DA:45,0
DA:52,1
DA:53,1
DA:54,1
DA:55,1
DA:59,1
DA:62,1
LF:26
LH:21
BRDA:20,0,0,0
BRDA:20,0,1,0
BRDA:38,1,0,0
BRDA:38,1,1,0
BRDA:38,2,0,0
BRDA:38,2,1,0
BRF:6
BRH:0
end_of_record
TN:
SF:src\helper\dynamo.helper.ts
FN:19,(anonymous_13)
FN:19,(anonymous_14)
FN:37,(anonymous_15)
FN:37,(anonymous_16)
FN:51,(anonymous_17)
FN:51,(anonymous_18)
FN:61,(anonymous_19)
FN:61,(anonymous_20)
FNF:8
FNH:2
FNDA:1,(anonymous_13)
FNDA:1,(anonymous_14)
FNDA:0,(anonymous_15)
FNDA:0,(anonymous_16)
FNDA:0,(anonymous_17)
FNDA:0,(anonymous_18)
FNDA:0,(anonymous_19)
FNDA:0,(anonymous_20)
DA:2,1
DA:6,1
DA:8,1
DA:15,1
DA:16,1
DA:17,1
DA:19,1
DA:20,1
DA:25,1
DA:26,1
DA:28,0
DA:29,0
DA:32,1
DA:37,1
DA:38,0
DA:41,0
DA:42,0
DA:43,0
DA:44,0
DA:47,0
DA:51,1
DA:52,0
DA:56,0
DA:57,0
DA:61,1
DA:62,0
DA:66,0
DA:67,0
LF:28
LH:14
BRDA:28,0,0,0
BRDA:43,1,0,0
BRF:2
BRH:0
end_of_record
TN:
SF:src\helper\s3.helper.ts
FN:15,(anonymous_7)
FN:15,(anonymous_8)
FNF:2
FNH:0
FNDA:0,(anonymous_7)
FNDA:0,(anonymous_8)
DA:1,1
DA:2,1
DA:3,1
DA:4,1
DA:9,1
DA:15,1
DA:16,0
DA:21,0
DA:23,0
DA:25,0
DA:27,0
DA:28,0
DA:31,0
DA:34,0
DA:35,0
LF:15
LH:6
BRDA:5,0,0,1
BRDA:5,0,1,1
BRDA:6,1,0,1
BRDA:6,1,1,1
BRDA:25,2,0,0
BRDA:25,2,1,0
BRF:6
BRH:4
end_of_record
TN:
SF:src\middleware\errorHandler.middleware.ts
FN:4,(anonymous_0)
FNF:1
FNH:0
FNDA:0,(anonymous_0)
DA:4,1
DA:9,0
DA:18,0
DA:19,0
DA:20,0
DA:25,0
LF:6
LH:1
BRDA:19,0,0,0
BRDA:19,0,1,0
BRF:2
BRH:0
end_of_record
TN:
SF:src\routes\buildRouter.route.ts
FN:9,(anonymous_7)
FN:9,(anonymous_8)
FN:25,(anonymous_9)
FN:25,(anonymous_10)
FN:40,(anonymous_11)
FN:40,(anonymous_12)
FNF:6
FNH:0
FNDA:0,(anonymous_7)
FNDA:0,(anonymous_8)
FNDA:0,(anonymous_9)
FNDA:0,(anonymous_10)
FNDA:0,(anonymous_11)
FNDA:0,(anonymous_12)
DA:1,1
DA:3,1
DA:5,1
DA:9,1
DA:11,0
DA:13,0
DA:14,0
DA:18,0
DA:25,1
DA:26,0
DA:28,0
DA:29,0
DA:35,0
DA:40,1
DA:41,0
DA:43,0
DA:44,0
DA:50,0
DA:58,0
DA:59,0
DA:60,0
DA:61,0
DA:63,0
DA:64,0
DA:71,1
LF:25
LH:7
BRDA:13,0,0,0
BRDA:13,0,1,0
BRDA:28,1,0,0
BRDA:28,1,1,0
BRDA:43,2,0,0
BRDA:43,2,1,0
BRDA:43,3,0,0
BRDA:43,3,1,0
BRDA:43,3,2,0
BRDA:43,3,3,0
BRDA:43,3,4,0
BRDA:43,3,5,0
BRDA:59,4,0,0
BRDA:59,4,1,0
BRF:14
BRH:0
end_of_record
TN:
SF:src\routes\heroRouter.route.ts
FN:9,(anonymous_7)
FN:9,(anonymous_8)
FN:29,(anonymous_9)
FN:29,(anonymous_10)
FN:46,(anonymous_11)
FN:46,(anonymous_12)
FN:68,(anonymous_13)
FNF:7
FNH:2
FNDA:0,(anonymous_7)
FNDA:0,(anonymous_8)
FNDA:1,(anonymous_9)
FNDA:1,(anonymous_10)
FNDA:0,(anonymous_11)
FNDA:0,(anonymous_12)
FNDA:0,(anonymous_13)
DA:1,1
DA:3,1
DA:5,1
DA:9,1
DA:11,0
DA:13,0
DA:14,0
DA:18,0
DA:29,1
DA:30,1
DA:34,1
DA:35,1
DA:41,0
DA:46,1
DA:48,0
DA:51,0
DA:56,0
DA:57,0
DA:61,0
DA:68,1
DA:70,0
DA:72,0
DA:75,0
DA:76,0
DA:81,0
DA:82,0
DA:87,0
DA:88,0
DA:94,0
DA:98,0
DA:99,0
DA:105,1
LF:32
LH:11
BRDA:13,0,0,0
BRDA:13,0,1,0
BRDA:34,1,0,1
BRDA:34,1,1,0
BRDA:56,2,0,0
BRDA:56,2,1,0
BRDA:75,3,0,0
BRDA:75,3,1,0
BRDA:75,4,0,0
BRDA:75,4,1,0
BRDA:81,5,0,0
BRDA:81,5,1,0
BRDA:87,6,0,0
BRDA:87,6,1,0
BRF:14
BRH:1
end_of_record
TN:
SF:src\routes\itemRouter.route.ts
FN:10,(anonymous_7)
FN:10,(anonymous_8)
FN:30,(anonymous_9)
FN:30,(anonymous_10)
FN:46,(anonymous_11)
FN:56,(anonymous_12)
FN:64,(anonymous_13)
FN:68,(anonymous_14)
FN:68,(anonymous_15)
FNF:9
FNH:0
FNDA:0,(anonymous_7)
FNDA:0,(anonymous_8)
FNDA:0,(anonymous_9)
FNDA:0,(anonymous_10)
FNDA:0,(anonymous_11)
FNDA:0,(anonymous_12)
FNDA:0,(anonymous_13)
FNDA:0,(anonymous_14)
FNDA:0,(anonymous_15)
DA:1,1
DA:3,1
DA:4,1
DA:6,1
DA:10,1
DA:12,0
DA:14,0
DA:15,0
DA:19,0
DA:30,1
DA:31,0
DA:33,0
DA:34,0
DA:40,0
DA:46,1
DA:47,0
DA:56,1
DA:57,0
DA:64,1
DA:65,0
DA:68,1
DA:70,0
DA:72,0
DA:73,0
DA:75,0
DA:81,1
LF:26
LH:11
BRDA:14,0,0,0
BRDA:14,0,1,0
BRDA:33,1,0,0
BRDA:33,1,1,0
BRDA:72,2,0,0
BRDA:72,2,1,0
BRF:6
BRH:0
end_of_record
TN:
SF:src\routes\userRouter.route.ts
FN:6,(anonymous_7)
FN:11,(anonymous_8)
FN:11,(anonymous_9)
FN:45,(anonymous_10)
FN:45,(anonymous_11)
FNF:5
FNH:0
FNDA:0,(anonymous_7)
FNDA:0,(anonymous_8)
FNDA:0,(anonymous_9)
FNDA:0,(anonymous_10)
FNDA:0,(anonymous_11)
DA:1,1
DA:2,1
DA:4,1
DA:6,1
DA:7,0
DA:11,1
DA:12,0
DA:14,0
DA:15,0
DA:18,0
DA:22,0
DA:25,0
DA:26,0
DA:29,0
DA:32,0
DA:33,0
DA:36,0
DA:39,0
DA:45,1
DA:46,0
DA:48,0
DA:49,0
DA:52,0
DA:56,0
DA:59,0
DA:60,0
DA:63,0
DA:67,0
DA:73,0
DA:75,0
DA:76,0
DA:77,0
DA:81,0
DA:88,1
LF:34
LH:7
BRDA:14,0,0,0
BRDA:14,1,0,0
BRDA:14,1,1,0
BRDA:25,2,0,0
BRDA:25,2,1,0
BRDA:32,3,0,0
BRDA:32,3,1,0
BRDA:48,4,0,0
BRDA:48,5,0,0
BRDA:48,5,1,0
BRDA:48,5,2,0
BRDA:59,6,0,0
BRDA:59,6,1,0
BRDA:75,7,0,0
BRDA:75,7,1,0
BRF:15
BRH:0
end_of_record
